<?xml version="1.0" encoding="UTF-8"?>
<testsuite name="ohtu.matkakortti.KassapaateTest" tests="4" skipped="0" failures="0" errors="0" timestamp="2021-02-10T07:57:15" hostname="lx9-fuxi025" time="0.274">
  <properties/>
  <testcase name="kortiltaVelotetaanHintaJosRahaaOn" classname="ohtu.matkakortti.KassapaateTest" time="0.271"/>
  <testcase name="kortilleEiLadataNegatiivistaSummaa" classname="ohtu.matkakortti.KassapaateTest" time="0.001"/>
  <testcase name="kortilleLadataanPositiivinenSumma" classname="ohtu.matkakortti.KassapaateTest" time="0.001"/>
  <testcase name="kortiltaEiVelotetaJosRahaEiRiita" classname="ohtu.matkakortti.KassapaateTest" time="0.001"/>
  <system-out><![CDATA[]]></system-out>
  <system-err><![CDATA[]]></system-err>
</testsuite>
